[INFO ] 2023-04-23 18:20:46.948 [main] BloggingSiteTesting - URL is opened
[INFO ] 2023-04-23 18:20:47.132 [main] BloggingSiteTesting - Username entered successfully
[INFO ] 2023-04-23 18:20:47.238 [main] BloggingSiteTesting - Password entered successfully
[INFO ] 2023-04-23 18:20:50.728 [main] BloggingSiteTesting - Second test case completed!
[INFO ] 2023-04-23 18:21:10.745 [main] BloggingSiteTesting - Third test case completed!
[INFO ] 2023-04-23 18:21:19.565 [main] BloggingSiteTesting - Fourth test case completed!
[INFO ] 2023-04-23 18:26:50.816 [main] BloggingSiteTesting - URL is opened
[INFO ] 2023-04-23 18:26:51.005 [main] BloggingSiteTesting - Username entered successfully
[INFO ] 2023-04-23 18:26:51.110 [main] BloggingSiteTesting - Password entered successfully
[INFO ] 2023-04-23 18:26:54.378 [main] BloggingSiteTesting - Second test case completed!
[INFO ] 2023-04-23 18:27:14.437 [main] BloggingSiteTesting - Third test case completed!
[INFO ] 2023-04-23 18:27:22.987 [main] BloggingSiteTesting - Fourth test case completed!
[INFO ] 2023-04-23 18:28:30.215 [main] BloggingSiteTesting - URL is opened
[INFO ] 2023-04-23 18:28:30.380 [main] BloggingSiteTesting - Username entered successfully
[INFO ] 2023-04-23 18:28:30.480 [main] BloggingSiteTesting - Password entered successfully
[INFO ] 2023-04-23 18:28:33.731 [main] BloggingSiteTesting - Second test case completed!
[INFO ] 2023-04-23 18:28:53.749 [main] BloggingSiteTesting - Third test case completed!
[INFO ] 2023-04-23 18:29:02.571 [main] BloggingSiteTesting - Fourth test case completed!
[INFO ] 2023-04-23 20:15:02.871 [main] BloggingSiteTesting - URL is opened
[INFO ] 2023-04-23 20:15:03.068 [main] BloggingSiteTesting - Username entered successfully
[INFO ] 2023-04-23 20:15:03.196 [main] BloggingSiteTesting - Password entered successfully
[INFO ] 2023-04-23 20:15:06.427 [main] BloggingSiteTesting - Second test case completed!
[INFO ] 2023-04-23 20:15:26.484 [main] BloggingSiteTesting - Third test case completed!
[INFO ] 2023-04-23 20:15:35.329 [main] BloggingSiteTesting - Fourth test case completed!
